<?xml version="1.0" encoding="UTF-8"?>
<testng-results ignored="0" total="1" passed="1" failed="0" skipped="0">
  <reporter-output>
  </reporter-output>
  <suite started-at="2024-04-24T12:35:01 IST" name="Default suite" finished-at="2024-04-24T12:35:32 IST" duration-ms="30939">
    <groups>
    </groups>
    <test started-at="2024-04-24T12:35:01 IST" name="Default test" finished-at="2024-04-24T12:35:32 IST" duration-ms="30939">
      <class name="workingwithextentreports.Report">
        <test-method signature="toGetExtentReports()[pri:0, instance:workingwithextentreports.Report@52b1beb6]" started-at="2024-04-24T12:35:02 IST" name="toGetExtentReports" finished-at="2024-04-24T12:35:32 IST" duration-ms="30866" status="PASS">
          <reporter-output>
          </reporter-output>
        </test-method> <!-- toGetExtentReports -->
      </class> <!-- workingwithextentreports.Report -->
    </test> <!-- Default test -->
  </suite> <!-- Default suite -->
</testng-results>
